<?xml version="1.0" encoding="utf-8"?>
<TestRun id="6c35638c-c76d-4867-8c38-9570de6dc7be" name="nezih@NEZIH 2025-06-16 10:21:36" runUser="NEZIH\nezih" xmlns="http://microsoft.com/schemas/VisualStudio/TeamTest/2010">
  <Times creation="2025-06-16T10:21:36.0988142+01:00" queuing="2025-06-16T10:21:36.0988146+01:00" start="2025-06-16T10:21:35.3486256+01:00" finish="2025-06-16T10:21:36.0992848+01:00" />
  <TestSettings name="default" id="a2e8f585-dd5a-44a2-b241-15c1e8e2bc50">
    <Deployment runDeploymentRoot="nezih_NEZIH_2025-06-16_10_21_36" />
  </TestSettings>
  <TestLists>
    <TestList name="Les résultats ne figurent pas dans une liste" id="8c84fa94-04c1-424b-9868-57a2d4851a1d" />
    <TestList name="Tous les résultats chargés" id="19431567-8539-422a-85d7-44ee4e166bda" />
  </TestLists>
  <ResultSummary outcome="Completed">
    <Counters total="0" executed="0" passed="0" failed="0" error="0" timeout="0" aborted="0" inconclusive="0" passedButRunAborted="0" notRunnable="0" notExecuted="0" disconnected="0" warning="0" completed="0" inProgress="0" pending="0" />
    <Output>
      <StdOut>[xUnit.net 00:00:00.00] xUnit.net VSTest Adapter v2.5.3.1+6b60a9e56a (64-bit .NET 8.0.12)&#xD;
[xUnit.net 00:00:00.07]   Discovering: NXM.Tensai.Back.OKR.Application.UnitTests&#xD;
[xUnit.net 00:00:00.14]   Discovered:  NXM.Tensai.Back.OKR.Application.UnitTests&#xD;
[xUnit.net 00:00:00.14]   Starting:    NXM.Tensai.Back.OKR.Application.UnitTests&#xD;
[xUnit.net 00:00:00.16]   Finished:    NXM.Tensai.Back.OKR.Application.UnitTests&#xD;
</StdOut>
    </Output>
    <RunInfos>
      <RunInfo computerName="NEZIH" outcome="Warning" timestamp="2025-06-16T10:21:35.9331061+01:00">
        <Text>[xUnit.net 00:00:00.14] NXM.Tensai.Back.OKR.Application.UnitTests: Exception filtering tests: Format incorrect pour le TestCaseFilter Erreur : condition non valide 'FullyQualifiedName~UserPaginationPerformanceTests OR FullyQualifiedName~UserQueryOptimizationTests'. Spécifiez le format approprié, puis réessayez. Notez que si le format est incorrect, aucun test n'est exécuté.</Text>
      </RunInfo>
      <RunInfo computerName="NEZIH" outcome="Warning" timestamp="2025-06-16T10:21:35.9597567+01:00">
        <Text>Aucun test ne correspond au filtre testcase donné `FullyQualifiedName~UserPaginationPerformanceTests OR FullyQualifiedName~UserQueryOptimizationTests` dans C:\Users\nezih\studies\NXM-Tensai-OKR Management System\NXM.Tensai.Back.OKR.API\NXM.Tensai.Back.OKR.API\NXM.Tensai.Back.OKR.Application.UnitTests\bin\Debug\net8.0\NXM.Tensai.Back.OKR.Application.UnitTests.dll</Text>
      </RunInfo>
    </RunInfos>
  </ResultSummary>
</TestRun>